<?xml version="1.0" encoding="UTF-8"?>
<robot generator="Robot 6.1.1 (Python 3.12.0 on win32)" generated="20240222 14:01:44.566" rpa="false" schemaversion="4">
<suite id="s1" name="Locator" source="d:\Workspace\Gits\Jahfyahh\RobotFramework\Dag 5\mijn\Locator.robot">
<test id="s1-t1" name="Selecteer een product en voeg deze toe aan het winkelmandje" line="18">
<kw name="Open Pagina ${urlSauce}" sourcename="Open Pagina ${url}">
<kw name="New Browser" library="Browser">
<arg>chromium</arg>
<arg>headless=false</arg>
<tag>BrowserControl</tag>
<tag>Setter</tag>
<doc>Create a new playwright Browser with specified options.</doc>
<msg timestamp="20240222 14:01:48.831" level="INFO">{"browser": "chromium", "headless": false, "chromiumSandbox": false, "devtools": false, "handleSIGHUP": true, "handleSIGINT": true, "handleSIGTERM": true, "slowMo": 0.0, "timeout": 30000.0, "tracesDir": "D:\\Workspace\\Gits\\Jahfyahh\\RobotFramework\\browser\\traces\\b9dc4388-312d-4886-9243-ee60f19b975d"}</msg>
<msg timestamp="20240222 14:01:50.895" level="INFO">Successfully created browser with options: {"browser":"chromium","headless":false,"chromiumSandbox":false,"devtools":false,"handleSIGHUP":true,"handleSIGINT":true,"handleSIGTERM":true,"slowMo":0,"timeout":30000,"tracesDir":"D:\\Workspace\\Gits\\Jahfyahh\\RobotFramework\\browser\\traces\\b9dc4388-312d-4886-9243-ee60f19b975d"}</msg>
<status status="PASS" starttime="20240222 14:01:48.831" endtime="20240222 14:01:50.896"/>
</kw>
<kw name="New Page" library="Browser">
<arg>${url}</arg>
<tag>BrowserControl</tag>
<tag>Setter</tag>
<doc>Open a new Page.</doc>
<msg timestamp="20240222 14:01:52.801" level="INFO">Successfully initialized new page object and opened url: https://www.saucedemo.com</msg>
<msg timestamp="20240222 14:01:52.801" level="INFO">No context was open. New context was automatically opened when this page is created.</msg>
<status status="PASS" starttime="20240222 14:01:50.897" endtime="20240222 14:01:52.802"/>
</kw>
<status status="PASS" starttime="20240222 14:01:48.828" endtime="20240222 14:01:52.802"/>
</kw>
<kw name="Login">
<kw name="Fill Text" library="Browser">
<arg>${locatorUsername}</arg>
<arg>${username}</arg>
<tag>PageContent</tag>
<tag>Setter</tag>
<doc>Clears and fills the given ``txt`` into the text field found by ``selector``.</doc>
<msg timestamp="20240222 14:01:52.973" level="INFO">Fills the text 'standard_user' in the given field.</msg>
<status status="PASS" starttime="20240222 14:01:52.973" endtime="20240222 14:01:53.039"/>
</kw>
<kw name="Fill Text" library="Browser">
<arg>${locatorPassword}</arg>
<arg>${password}</arg>
<tag>PageContent</tag>
<tag>Setter</tag>
<doc>Clears and fills the given ``txt`` into the text field found by ``selector``.</doc>
<msg timestamp="20240222 14:01:53.040" level="INFO">Fills the text 'secret_sauce' in the given field.</msg>
<status status="PASS" starttime="20240222 14:01:53.039" endtime="20240222 14:01:53.077"/>
</kw>
<kw name="Click" library="Browser">
<arg>data-test=login-button</arg>
<tag>PageContent</tag>
<tag>Setter</tag>
<doc>Simulates mouse click on the element found by ``selector``.</doc>
<status status="PASS" starttime="20240222 14:01:53.078" endtime="20240222 14:01:53.306"/>
</kw>
<status status="PASS" starttime="20240222 14:01:52.972" endtime="20240222 14:01:53.307"/>
</kw>
<kw name="Selecteer product">
<kw name="Click" library="Browser">
<arg>xpath=//*[@id="item_5_title_link"]/div</arg>
<tag>PageContent</tag>
<tag>Setter</tag>
<doc>Simulates mouse click on the element found by ``selector``.</doc>
<status status="PASS" starttime="20240222 14:01:53.406" endtime="20240222 14:01:53.521"/>
</kw>
<kw name="Click" library="Browser">
<arg>xpath=//*[@id="add-to-cart-sauce-labs-fleece-jacket"]</arg>
<tag>PageContent</tag>
<tag>Setter</tag>
<doc>Simulates mouse click on the element found by ``selector``.</doc>
<status status="PASS" starttime="20240222 14:01:53.521" endtime="20240222 14:01:53.573"/>
</kw>
<kw name="Click" library="Browser">
<arg>xpath=//*[@id="shopping_cart_container"]</arg>
<tag>PageContent</tag>
<tag>Setter</tag>
<doc>Simulates mouse click on the element found by ``selector``.</doc>
<status status="PASS" starttime="20240222 14:01:53.573" endtime="20240222 14:01:53.636"/>
</kw>
<kw name="Click" library="Browser">
<arg>xpath=//*[@id="checkout"]</arg>
<tag>PageContent</tag>
<tag>Setter</tag>
<doc>Simulates mouse click on the element found by ``selector``.</doc>
<status status="PASS" starttime="20240222 14:01:53.636" endtime="20240222 14:01:53.743"/>
</kw>
<status status="PASS" starttime="20240222 14:01:53.405" endtime="20240222 14:01:53.743"/>
</kw>
<kw name="Sleep" library="BuiltIn">
<arg>10</arg>
<doc>Pauses the test executed for the given time.</doc>
<msg timestamp="20240222 14:02:03.803" level="INFO">Slept 10 seconds</msg>
<status status="PASS" starttime="20240222 14:01:53.799" endtime="20240222 14:02:03.803"/>
</kw>
<doc>Locator test</doc>
<tag>locators</tag>
<status status="PASS" starttime="20240222 14:01:48.825" endtime="20240222 14:02:03.809"/>
</test>
<status status="PASS" starttime="20240222 14:01:44.577" endtime="20240222 14:02:03.996"/>
</suite>
<statistics>
<total>
<stat pass="1" fail="0" skip="0">All Tests</stat>
</total>
<tag>
<stat pass="1" fail="0" skip="0">locators</stat>
</tag>
<suite>
<stat pass="1" fail="0" skip="0" id="s1" name="Locator">Locator</stat>
</suite>
</statistics>
<errors>
</errors>
</robot>
