<?xml version="1.0" encoding="UTF-8"?>
<robot generator="Robot 6.1.1 (Python 3.12.0 on win32)" generated="20240222 14:31:16.491" rpa="false" schemaversion="4">
<suite id="s1" name="Klanten Kaarten" source="d:\Workspace\Gits\Jahfyahh\RobotFramework\rf-projects\1kapper\klanten kaarten.robot">
<test id="s1-t1" name="Download Files from URLs" line="18">
<kw name="Open Browser" library="SeleniumLibrary">
<arg>${URL}</arg>
<arg>${Browser}</arg>
<doc>Opens a new browser instance to the optional ``url``.</doc>
<msg timestamp="20240222 14:31:16.781" level="INFO">Opening browser 'Chrome' to base url 'https://employee.1kapper.nl/login'.</msg>
<msg timestamp="20240222 14:31:23.163" level="INFO" html="true">&lt;/td&gt;&lt;/tr&gt;&lt;tr&gt;&lt;td colspan="3"&gt;&lt;a href="selenium-screenshot-1.png"&gt;&lt;img src="selenium-screenshot-1.png" width="800px"&gt;&lt;/a&gt;</msg>
<msg timestamp="20240222 14:31:23.164" level="FAIL">WebDriverException: Message: unknown error: net::ERR_TUNNEL_CONNECTION_FAILED
  (Session info: chrome=121.0.6167.185)
Stacktrace:
	GetHandleVerifier [0x00007FF6CD717012+3522402]
	(No symbol) [0x00007FF6CD338352]
	(No symbol) [0x00007FF6CD1E5ABB]
	(No symbol) [0x00007FF6CD1E1760]
	(No symbol) [0x00007FF6CD1D4C7D]
	(No symbol) [0x00007FF6CD1D3C8D]
	(No symbol) [0x00007FF6CD1D2EDC]
	(No symbol) [0x00007FF6CD1D2E7F]
	(No symbol) [0x00007FF6CD1D1385]
	(No symbol) [0x00007FF6CD1D1C6C]
	(No symbol) [0x00007FF6CD1E8149]
	(No symbol) [0x00007FF6CD26C717]
	(No symbol) [0x00007FF6CD24F05A]
	(No symbol) [0x00007FF6CD26BDA3]
	(No symbol) [0x00007FF6CD24EE03]
	(No symbol) [0x00007FF6CD21F4D4]
	(No symbol) [0x00007FF6CD2205F1]
	GetHandleVerifier [0x00007FF6CD749B9D+3730157]
	GetHandleVerifier [0x00007FF6CD79F02D+4079485]
	GetHandleVerifier [0x00007FF6CD7975D3+4048163]
	GetHandleVerifier [0x00007FF6CD46A649+718233]
	(No symbol) [0x00007FF6CD344A3F]
	(No symbol) [0x00007FF6CD33FA94]
	(No symbol) [0x00007FF6CD33FBC2]
	(No symbol) [0x00007FF6CD32F2E4]
	BaseThreadInitThunk [0x00007FFDE0657614+20]
	RtlUserThreadStart [0x00007FFDE1C826A1+33]
</msg>
<status status="FAIL" starttime="20240222 14:31:16.781" endtime="20240222 14:31:23.167"/>
</kw>
<kw name="Maximize Browser Window" library="SeleniumLibrary">
<doc>Maximizes current browser window.</doc>
<status status="NOT RUN" starttime="20240222 14:31:23.176" endtime="20240222 14:31:23.176"/>
</kw>
<kw name="Input Text" library="SeleniumLibrary">
<arg>id=username</arg>
<arg>${Username}</arg>
<doc>Types the given ``text`` into the text field identified by ``locator``.</doc>
<status status="NOT RUN" starttime="20240222 14:31:23.182" endtime="20240222 14:31:23.182"/>
</kw>
<kw name="Input Password" library="SeleniumLibrary">
<arg>id=password</arg>
<arg>${Password}</arg>
<doc>Types the given password into the text field identified by ``locator``.</doc>
<status status="NOT RUN" starttime="20240222 14:31:23.188" endtime="20240222 14:31:23.189"/>
</kw>
<kw name="Click Button" library="SeleniumLibrary">
<arg>xpath=//*[@id="app"]/div[2]/div/div/div/div/form/div[4]/button</arg>
<doc>Clicks the button identified by ``locator``.</doc>
<status status="NOT RUN" starttime="20240222 14:31:23.191" endtime="20240222 14:31:23.192"/>
</kw>
<kw name="Wait Until Page Contains Element" library="SeleniumLibrary">
<arg>xpath=//*[@id="header"]/div/div/div/div/ul/li[4]/a</arg>
<doc>Waits until the element ``locator`` appears on the current page.</doc>
<status status="NOT RUN" starttime="20240222 14:31:23.195" endtime="20240222 14:31:23.195"/>
</kw>
<kw name="Click Element" library="SeleniumLibrary">
<arg>xpath=//*[@id="header"]/div/div/div/div/ul/li[4]/a</arg>
<doc>Click the element identified by ``locator``.</doc>
<status status="NOT RUN" starttime="20240222 14:31:23.196" endtime="20240222 14:31:23.197"/>
</kw>
<kw name="Click Element" library="SeleniumLibrary">
<arg>xpath=//*[@id="main"]/div[1]/div/ul/li[3]/a</arg>
<doc>Click the element identified by ``locator``.</doc>
<status status="NOT RUN" starttime="20240222 14:31:23.201" endtime="20240222 14:31:23.201"/>
</kw>
<kw name="Clear Element Text" library="SeleniumLibrary">
<arg>xpath=//*[@id="filter-form"]/div/div[1]/div/div/div/div/input</arg>
<doc>Clears the value of the text-input-element identified by ``locator``.</doc>
<status status="NOT RUN" starttime="20240222 14:31:23.203" endtime="20240222 14:31:23.203"/>
</kw>
<kw name="Input Text" library="SeleniumLibrary">
<arg>xpath=//*[@id="filter-form"]/div/div[1]/div/div/div/div/input</arg>
<arg>01/06/2023</arg>
<doc>Types the given ``text`` into the text field identified by ``locator``.</doc>
<status status="NOT RUN" starttime="20240222 14:31:23.204" endtime="20240222 14:31:23.205"/>
</kw>
<kw name="Press Keys" library="SeleniumLibrary">
<arg>xpath=//*[@id="filter-form"]/div/div[1]/div/div/div/div/input</arg>
<arg>\\13</arg>
<doc>Simulates the user pressing key(s) to an element or on the active browser.</doc>
<status status="NOT RUN" starttime="20240222 14:31:23.205" endtime="20240222 14:31:23.206"/>
</kw>
<kw name="Sleep" library="BuiltIn">
<arg>5s</arg>
<doc>Pauses the test executed for the given time.</doc>
<status status="NOT RUN" starttime="20240222 14:31:23.206" endtime="20240222 14:31:23.206"/>
</kw>
<kw name="Click Element" library="SeleniumLibrary">
<arg>xpath=//*[@id="main"]/div[2]/div/div/div[2]/div/div[2]/div[6]/a</arg>
<doc>Click the element identified by ``locator``.</doc>
<status status="NOT RUN" starttime="20240222 14:31:23.207" endtime="20240222 14:31:23.207"/>
</kw>
<for flavor="IN RANGE">
<var>${page}</var>
<value>0</value>
<value>12</value>
<iter>
<var name="${page}"/>
<kw name="Log" library="BuiltIn">
<arg>${page}</arg>
<doc>Logs the given message with the given level.</doc>
<status status="NOT RUN" starttime="20240222 14:31:23.209" endtime="20240222 14:31:23.209"/>
</kw>
<kw name="Save Table Data To CSV">
<status status="NOT RUN" starttime="20240222 14:31:23.209" endtime="20240222 14:31:23.209"/>
</kw>
<kw name="Click Next Page">
<status status="NOT RUN" starttime="20240222 14:31:23.209" endtime="20240222 14:31:23.209"/>
</kw>
<status status="NOT RUN" starttime="20240222 14:31:23.209" endtime="20240222 14:31:23.209"/>
</iter>
<status status="NOT RUN" starttime="20240222 14:31:23.209" endtime="20240222 14:31:23.209"/>
</for>
<status status="FAIL" starttime="20240222 14:31:16.778" endtime="20240222 14:31:23.210">WebDriverException: Message: unknown error: net::ERR_TUNNEL_CONNECTION_FAILED
  (Session info: chrome=121.0.6167.185)
Stacktrace:
	GetHandleVerifier [0x00007FF6CD717012+3522402]
	(No symbol) [0x00007FF6CD338352]
	(No symbol) [0x00007FF6CD1E5ABB]
	(No symbol) [0x00007FF6CD1E1760]
	(No symbol) [0x00007FF6CD1D4C7D]
	(No symbol) [0x00007FF6CD1D3C8D]
	(No symbol) [0x00007FF6CD1D2EDC]
	(No symbol) [0x00007FF6CD1D2E7F]
	(No symbol) [0x00007FF6CD1D1385]
	(No symbol) [0x00007FF6CD1D1C6C]
	(No symbol) [0x00007FF6CD1E8149]
	(No symbol) [0x00007FF6CD26C717]
	(No symbol) [0x00007FF6CD24F05A]
	(No symbol) [0x00007FF6CD26BDA3]
	(No symbol) [0x00007FF6CD24EE03]
	(No symbol) [0x00007FF6CD21F4D4]
	(No symbol) [0x00007FF6CD2205F1]
	GetHandleVerifier [0x00007FF6CD749B9D+3730157]
	GetHandleVerifier [0x00007FF6CD79F02D+4079485]
	GetHandleVerifier [0x00007FF6CD7975D3+4048163]
	GetHandleVerifier [0x00007FF6CD46A649+718233]
	(No symbol) [0x00007FF6CD344A3F]
	(No symbol) [0x00007FF6CD33FA94]
	(No symbol) [0x00007FF6CD33FBC2]
	(No symbol) [0x00007FF6CD32F2E4]
	BaseThreadInitThunk [0x00007FFDE0657614+20]
	RtlUserThreadStart [0x00007FFDE1C826A1+33]
</status>
</test>
<status status="FAIL" starttime="20240222 14:31:16.496" endtime="20240222 14:31:23.217"/>
</suite>
<statistics>
<total>
<stat pass="0" fail="1" skip="0">All Tests</stat>
</total>
<tag>
</tag>
<suite>
<stat pass="0" fail="1" skip="0" id="s1" name="Klanten Kaarten">Klanten Kaarten</stat>
</suite>
</statistics>
<errors>
</errors>
</robot>
