<?xml version="1.0" encoding="UTF-8"?>
<robot generator="Robot 6.1.1 (Python 3.12.0 on win32)" generated="20240222 14:01:49.753" rpa="false" schemaversion="4">
<suite id="s1" name="RobotFramework" source="D:\Workspace\Gits\Jahfyahh\RobotFramework">
<suite id="s1-s1" name="Dag 5" source="D:\Workspace\Gits\Jahfyahh\RobotFramework\Dag 5">
<suite id="s1-s1-s1" name="Mijn" source="D:\Workspace\Gits\Jahfyahh\RobotFramework\Dag 5\mijn">
<suite id="s1-s1-s1-s1" name="Locator" source="D:\Workspace\Gits\Jahfyahh\RobotFramework\Dag 5\mijn\Locator.robot">
<test id="s1-s1-s1-s1-t1" name="Selecteer een product en voeg deze toe aan het winkelmandje" line="18">
<kw name="Open Pagina ${urlSauce}" sourcename="Open Pagina ${url}">
<kw name="New Browser" library="Browser">
<arg>chromium</arg>
<arg>headless=false</arg>
<tag>BrowserControl</tag>
<tag>Setter</tag>
<doc>Create a new playwright Browser with specified options.</doc>
<msg timestamp="20240222 14:01:55.778" level="INFO">{"browser": "chromium", "headless": false, "chromiumSandbox": false, "devtools": false, "handleSIGHUP": true, "handleSIGINT": true, "handleSIGTERM": true, "slowMo": 0.0, "timeout": 30000.0, "tracesDir": "D:\\Workspace\\Gits\\Jahfyahh\\RobotFramework\\results\\browser\\traces\\bfdf8c5b-67f1-43d5-9393-cab81b8b8f79"}</msg>
<msg timestamp="20240222 14:01:57.482" level="INFO">Successfully created browser with options: {"browser":"chromium","headless":false,"chromiumSandbox":false,"devtools":false,"handleSIGHUP":true,"handleSIGINT":true,"handleSIGTERM":true,"slowMo":0,"timeout":30000,"tracesDir":"D:\\Workspace\\Gits\\Jahfyahh\\RobotFramework\\results\\browser\\traces\\bfdf8c5b-67f1-43d5-9393-cab81b8b8f79"}</msg>
<status status="PASS" starttime="20240222 14:01:55.777" endtime="20240222 14:01:57.483"/>
</kw>
<kw name="New Page" library="Browser">
<arg>${url}</arg>
<tag>BrowserControl</tag>
<tag>Setter</tag>
<doc>Open a new Page.</doc>
<msg timestamp="20240222 14:01:58.798" level="INFO">Successfully initialized new page object and opened url: https://www.saucedemo.com</msg>
<msg timestamp="20240222 14:01:58.799" level="INFO">No context was open. New context was automatically opened when this page is created.</msg>
<status status="PASS" starttime="20240222 14:01:57.483" endtime="20240222 14:01:58.800"/>
</kw>
<status status="PASS" starttime="20240222 14:01:55.776" endtime="20240222 14:01:58.800"/>
</kw>
<kw name="Login">
<kw name="Fill Text" library="Browser">
<arg>${locatorUsername}</arg>
<arg>${username}</arg>
<tag>PageContent</tag>
<tag>Setter</tag>
<doc>Clears and fills the given ``txt`` into the text field found by ``selector``.</doc>
<msg timestamp="20240222 14:01:58.954" level="INFO">Fills the text 'standard_user' in the given field.</msg>
<status status="PASS" starttime="20240222 14:01:58.954" endtime="20240222 14:01:59.051"/>
</kw>
<kw name="Fill Text" library="Browser">
<arg>${locatorPassword}</arg>
<arg>${password}</arg>
<tag>PageContent</tag>
<tag>Setter</tag>
<doc>Clears and fills the given ``txt`` into the text field found by ``selector``.</doc>
<msg timestamp="20240222 14:01:59.052" level="INFO">Fills the text 'secret_sauce' in the given field.</msg>
<status status="PASS" starttime="20240222 14:01:59.051" endtime="20240222 14:01:59.091"/>
</kw>
<kw name="Click" library="Browser">
<arg>data-test=login-button</arg>
<tag>PageContent</tag>
<tag>Setter</tag>
<doc>Simulates mouse click on the element found by ``selector``.</doc>
<status status="PASS" starttime="20240222 14:01:59.091" endtime="20240222 14:01:59.270"/>
</kw>
<status status="PASS" starttime="20240222 14:01:58.951" endtime="20240222 14:01:59.271"/>
</kw>
<kw name="Selecteer product">
<kw name="Click" library="Browser">
<arg>xpath=//*[@id="item_5_title_link"]/div</arg>
<tag>PageContent</tag>
<tag>Setter</tag>
<doc>Simulates mouse click on the element found by ``selector``.</doc>
<status status="PASS" starttime="20240222 14:01:59.342" endtime="20240222 14:01:59.415"/>
</kw>
<kw name="Click" library="Browser">
<arg>xpath=//*[@id="add-to-cart-sauce-labs-fleece-jacket"]</arg>
<tag>PageContent</tag>
<tag>Setter</tag>
<doc>Simulates mouse click on the element found by ``selector``.</doc>
<status status="PASS" starttime="20240222 14:01:59.415" endtime="20240222 14:01:59.510"/>
</kw>
<kw name="Click" library="Browser">
<arg>xpath=//*[@id="shopping_cart_container"]</arg>
<tag>PageContent</tag>
<tag>Setter</tag>
<doc>Simulates mouse click on the element found by ``selector``.</doc>
<status status="PASS" starttime="20240222 14:01:59.510" endtime="20240222 14:01:59.573"/>
</kw>
<kw name="Click" library="Browser">
<arg>xpath=//*[@id="checkout"]</arg>
<tag>PageContent</tag>
<tag>Setter</tag>
<doc>Simulates mouse click on the element found by ``selector``.</doc>
<status status="PASS" starttime="20240222 14:01:59.573" endtime="20240222 14:01:59.644"/>
</kw>
<status status="PASS" starttime="20240222 14:01:59.341" endtime="20240222 14:01:59.644"/>
</kw>
<kw name="Sleep" library="BuiltIn">
<arg>10</arg>
<doc>Pauses the test executed for the given time.</doc>
<msg timestamp="20240222 14:02:09.702" level="INFO">Slept 10 seconds</msg>
<status status="PASS" starttime="20240222 14:01:59.700" endtime="20240222 14:02:09.702"/>
</kw>
<doc>Locator test</doc>
<tag>locators</tag>
<status status="PASS" starttime="20240222 14:01:55.772" endtime="20240222 14:02:09.704"/>
</test>
<status status="PASS" starttime="20240222 14:01:50.321" endtime="20240222 14:02:09.874"/>
</suite>
<status status="PASS" starttime="20240222 14:01:50.225" endtime="20240222 14:02:09.885"/>
</suite>
<status status="PASS" starttime="20240222 14:01:50.070" endtime="20240222 14:02:09.889"/>
</suite>
<status status="PASS" starttime="20240222 14:01:49.759" endtime="20240222 14:02:09.913"/>
</suite>
<statistics>
<total>
<stat pass="1" fail="0" skip="0">All Tests</stat>
</total>
<tag>
<stat pass="1" fail="0" skip="0">locators</stat>
</tag>
<suite>
<stat pass="1" fail="0" skip="0" id="s1" name="RobotFramework">RobotFramework</stat>
<stat pass="1" fail="0" skip="0" id="s1-s1" name="Dag 5">RobotFramework.Dag 5</stat>
<stat pass="1" fail="0" skip="0" id="s1-s1-s1" name="Mijn">RobotFramework.Dag 5.Mijn</stat>
<stat pass="1" fail="0" skip="0" id="s1-s1-s1-s1" name="Locator">RobotFramework.Dag 5.Mijn.Locator</stat>
</suite>
</statistics>
<errors>
</errors>
</robot>
